[2015.11.22-15.18.22:549][  0]Log file open, 11/22/15 16:18:22
[2015.11.22-15.18.22:549][  0]LogInit:Display: Running engine for game: GameOn
[2015.11.22-15.18.22:549][  0]LogPlatformFile: Not using cached read wrapper
[2015.11.22-15.18.22:549][  0]LogInit:Display: RandInit(-1677379811) SRandInit(-1677379783).
[2015.11.22-15.18.22:549][  0]LogTaskGraph: Started task graph with 4 named threads and 7 total threads.
[2015.11.22-15.18.22:549][  0]LogStats: Stats thread started at 6.956543
[2015.11.22-15.18.22:549][  0]LogInit: Version: 4.10.0-2758231+++depot+UE4-Releases+4.10
[2015.11.22-15.18.22:549][  0]LogInit: API Version: 2758231
[2015.11.22-15.18.22:549][  0]LogInit: Compiled (64-bit): Nov  7 2015 05:13:45
[2015.11.22-15.18.22:549][  0]LogInit: Compiled with Visual C++: 19.00.23026.00
[2015.11.22-15.18.22:549][  0]LogInit: Build Configuration: Development
[2015.11.22-15.18.22:549][  0]LogInit: Branch Name: ++depot+UE4-Releases+4.10
[2015.11.22-15.18.22:549][  0]LogInit: Command line:  
[2015.11.22-15.18.22:549][  0]LogInit: Base directory: C:/Program Files/Unreal Engine/4.10/Engine/Binaries/Win64/
[2015.11.22-15.18.22:549][  0]LogInit: Rocket: 1
[2015.11.22-15.18.22:684][  0]LogInit: Using libcurl 7.41.0
[2015.11.22-15.18.22:684][  0]LogInit:  - built for x86_64-pc-win32
[2015.11.22-15.18.22:684][  0]LogInit:  - supports SSL with WinSSL
[2015.11.22-15.18.22:684][  0]LogInit:  - other features:
[2015.11.22-15.18.22:684][  0]LogInit:      CURL_VERSION_SSL
[2015.11.22-15.18.22:684][  0]LogInit:      CURL_VERSION_IPV6
[2015.11.22-15.18.22:684][  0]LogInit:      CURL_VERSION_ASYNCHDNS
[2015.11.22-15.18.22:684][  0]LogInit:      CURL_VERSION_LARGEFILE
[2015.11.22-15.18.22:684][  0]LogInit:      CURL_VERSION_IDN
[2015.11.22-15.18.22:696][  0]LogInit:  CurlRequestOptions (configurable via config and command line):
[2015.11.22-15.18.22:696][  0]LogInit:  - bVerifyPeer = true  - Libcurl will verify peer certificate
[2015.11.22-15.18.22:696][  0]LogInit:  - bUseHttpProxy = false  - Libcurl will NOT use HTTP proxy
[2015.11.22-15.18.22:696][  0]LogInit:  - bDontReuseConnections = false  - Libcurl will reuse connections
[2015.11.22-15.18.22:696][  0]LogInit:  - CertBundlePath = nullptr  - Libcurl will use whatever was configured at build time.
[2015.11.22-15.18.22:953][  0]LogInit: Presizing for 0 objects not considered by GC, pre-allocating 0 bytes.
[2015.11.22-15.18.23:501][  0]LogInit: Object subsystem initialized
[2015.11.22-15.18.23:729][  0]LogInit: Selected Device Profile: [Windows]
[2015.11.22-15.18.23:734][  0]LogInit: Applying CVar settings loaded from the selected device profile: [Windows]
[2015.11.22-15.18.23:850][  0]LogInit: Computer: MINDFLAYER-PC
[2015.11.22-15.18.23:855][  0]LogInit: User: MindFlayer
[2015.11.22-15.18.23:855][  0]LogInit: CPU Page size=4096, Cores=4
[2015.11.22-15.18.23:855][  0]LogInit: High frequency timer resolution =14.318180 MHz
[2015.11.22-15.18.23:855][  0]LogMemory: Memory total: Physical=8.0GB (8GB approx)
[2015.11.22-15.18.23:863][  0]LogMemory: Platform Memory Stats for Windows
[2015.11.22-15.18.23:863][  0]LogMemory: Process Physical Memory: 57.52 MB used, 57.52 MB peak
[2015.11.22-15.18.23:863][  0]LogMemory: Process Virtual Memory: 56.71 MB used, 56.71 MB peak
[2015.11.22-15.18.23:863][  0]LogMemory: Physical Memory: 5042.23 MB used, 8148.71 MB total
[2015.11.22-15.18.23:863][  0]LogMemory: Virtual Memory: 379.21 MB used, 134217728.00 MB total
[2015.11.22-15.18.25:155][  0]LogTextLocalizationManager: No specific translations for ('en-GB') exist, so ('en') translations will be used.
[2015.11.22-15.18.27:502][  0]LogD3D11RHI: Found D3D11 adapter 0: AMD Radeon R9 200 Series (Feature Level 11_0)
[2015.11.22-15.18.27:502][  0]LogD3D11RHI: Adapter has 4074MB of dedicated video memory, 0MB of dedicated system memory, and 4074MB of shared system memory, 2 output[s]
[2015.11.22-15.18.27:507][  0]LogD3D11RHI: Found D3D11 adapter 1: Microsoft Basic Render Driver (Feature Level 11_0)
[2015.11.22-15.18.27:507][  0]LogD3D11RHI: Adapter has 0MB of dedicated video memory, 0MB of dedicated system memory, and 4074MB of shared system memory, 0 output[s]
[2015.11.22-15.18.27:507][  0]LogD3D11RHI: Chosen D3D11 Adapter Id = 0
[2015.11.22-15.18.27:558][  0]LogD3D11RHI: !Direct3DDevice
[2015.11.22-15.18.27:578][  0]LogRHI: Texture pool is 1361 MB (70% of 1945 MB)
[2015.11.22-15.18.27:602][  0]LogD3D11RHI: Async texture creation disabled: no driver support
[2015.11.22-15.18.28:049][  0]LogShaderCompilers: Guid format shader working directory is -22 characters bigger than the processId version (../../../../../../Users/MindFlayer/Documents/Unreal Projects/GameOnTest/Intermediate/Shaders/WorkingDirectory/8988/).
[2015.11.22-15.18.28:050][  0]LogShaderCompilers: Cleaned the shader compiler working directory 'C:/Users/MINDFL~1/AppData/Local/Temp/UnrealShaderWorkingDir/ABBD60924AEDC7264E2D6E98B1C04866/'.
[2015.11.22-15.18.28:072][  0]LogShaderCompilers:Display: Using Local Shader Compiler.
[2015.11.22-15.18.31:603][  0]LogTemp:Display: Loaded TP AllDesktopTargetPlatform
[2015.11.22-15.18.31:611][  0]LogTemp:Display: Loaded TP WindowsClientTargetPlatform
[2015.11.22-15.18.31:622][  0]LogTemp:Display: Loaded TP WindowsNoEditorTargetPlatform
[2015.11.22-15.18.31:633][  0]LogTemp:Display: Loaded TP WindowsServerTargetPlatform
[2015.11.22-15.18.31:643][  0]LogTemp:Display: Loaded TP WindowsTargetPlatform
[2015.11.22-15.18.31:714][  0]LogTemp:Display: Loaded TP AndroidTargetPlatform
[2015.11.22-15.18.31:736][  0]LogTemp:Display: Loaded TP Android_ASTCTargetPlatform
[2015.11.22-15.18.31:742][  0]LogTemp:Display: Loaded TP Android_ATCTargetPlatform
[2015.11.22-15.18.31:786][  0]LogTemp:Display: Loaded TP Android_DXTTargetPlatform
[2015.11.22-15.18.31:792][  0]LogTemp:Display: Loaded TP Android_ETC1TargetPlatform
[2015.11.22-15.18.31:798][  0]LogTemp:Display: Loaded TP Android_ETC2TargetPlatform
[2015.11.22-15.18.31:812][  0]LogTemp:Display: Loaded TP Android_MultiTargetPlatform
[2015.11.22-15.18.31:812][  0]LogTemp:Display: Loaded TP Android_PVRTCTargetPlatform
[2015.11.22-15.18.31:829][  0]LogTemp:Display: Loaded TP HTML5TargetPlatform
[2015.11.22-15.18.31:927][  0]LogTemp:Display: Loaded TP IOSTargetPlatform
[2015.11.22-15.18.31:935][  0]LogTemp:Display: Loaded TP LinuxNoEditorTargetPlatform
[2015.11.22-15.18.31:941][  0]LogTemp:Display: Loaded TP LinuxServerTargetPlatform
[2015.11.22-15.18.31:960][  0]LogTemp:Display: Loaded TP LinuxTargetPlatform
[2015.11.22-15.18.31:960][  0]LogTargetPlatformManager:Display: Building Assets For Windows
[2015.11.22-15.18.32:760][  0]LogDerivedDataCache:Display: Max Cache Size: 512 MB
[2015.11.22-15.18.32:760][  0]LogDerivedDataCache:Display: Starting with empty Boot cache
[2015.11.22-15.18.32:760][  0]LogDerivedDataCache: FDerivedDataBackendGraph:  Pak pak cache file ../../../../../../Users/MindFlayer/Documents/Unreal Projects/GameOnTest/DerivedDataCache/DDC.ddp not found, will not use a pak cache.
[2015.11.22-15.18.32:760][  0]LogDerivedDataCache: Unable to find inner node Pak for hierarchical cache Hierarchy.
[2015.11.22-15.18.32:760][  0]LogDerivedDataCache: FDerivedDataBackendGraph:  CompressedPak pak cache file ../../../../../../Users/MindFlayer/Documents/Unreal Projects/GameOnTest/DerivedDataCache/Compressed.ddp not found, will not use a pak cache.
[2015.11.22-15.18.32:760][  0]LogDerivedDataCache: Unable to find inner node CompressedPak for hierarchical cache Hierarchy.
[2015.11.22-15.18.32:921][  0]LogDerivedDataCache:Display: Pak cache opened for reading ../../../Engine/DerivedDataCache/Compressed.ddp.
[2015.11.22-15.18.33:012][  0]LogDerivedDataCache: Using Local data cache path C:/Users/MindFlayer/AppData/Local/UnrealEngine/Common/DerivedDataCache: Writable
[2015.11.22-15.18.42:389][  0]LogInit: Selected Device Profile: [Windows]
[2015.11.22-15.18.42:776][  0]LogContentStreaming: Texture pool size is 0.000000MB
[2015.11.22-15.18.44:751][  0]LogMeshUtilities: No automatic mesh reduction module available
[2015.11.22-15.18.44:751][  0]LogMeshUtilities: No automatic mesh merging module available
[2015.11.22-15.18.49:507][  0]LogInit: WinSock: version 1.1 (2.2), MaxSocks=32767, MaxUdp=65467
[2015.11.22-15.18.59:099][  0]UdpMessaging: Initializing bridge on interface 0.0.0.0:0 to multicast group 230.0.0.1:6666.
[2015.11.22-15.19.00:144][  0]LogAssetRegistry: FAssetRegistry took 0.0130 seconds to start up
[2015.11.22-15.19.04:757][  0]SourceControl: Info Source control is disabled
[2015.11.22-15.19.05:121][  0]SourceControl: Info Source control is disabled
[2015.11.22-15.19.05:219][  0]SourceControl: Info Source control is disabled
[2015.11.22-15.19.05:386][  0]SourceControl: Info Source control is disabled
[2015.11.22-15.19.07:603][  0]LogObj: 28633 objects as part of root set at end of initial load.
[2015.11.22-15.19.07:603][  0]LogUObjectAllocator: 6099744 out of 0 bytes used by permanent object pool.
[2015.11.22-15.19.11:141][  0]LogAutomationTest:Warning: Smoke tests took > 1s to run: 2.85s
[2015.11.22-15.19.11:437][  0]LogEngine: Initializing Engine...
[2015.11.22-15.19.11:572][  0]LogHMD: Can't find Oculus library dev build: is proper Runtime installed? Version: 0.8.0.0
[2015.11.22-15.19.13:380][  0]LogHMD: SteamVR failed to initialize.  Err: 108
[2015.11.22-15.19.15:591][  0]LogAIModule: Creating AISystem for world NewWorld
[2015.11.22-15.19.15:945][  0]LogInit: XAudio2 using 'Lautsprecher (Realtek High Definition Audio)' : 2 channels at 48 kHz using 32 bits per sample (channel mask 0x3)
[2015.11.22-15.19.15:974][  0]LogInit: FAudioDevice initialized.
[2015.11.22-15.19.16:010][  0]LogDerivedDataCache: Saved boot cache 0.04s 41MB C:/Users/MindFlayer/AppData/Local/UnrealEngine/4.10/DerivedDataCache/Boot.ddc.
[2015.11.22-15.19.16:020][  0]LogInit: Texture streaming: Enabled
[2015.11.22-15.19.16:259][  0]LogAnalytics: Creating configured Analytics provider AnalyticsET
[2015.11.22-15.19.16:260][  0]LogAnalytics: [UEEditor.Rocket.Release] APIServer = http://et2.epicgames.com/ET2/. AppVersion = 4.10.0-2758231+++depot+UE4-Releases+4.10
[2015.11.22-15.19.16:260][  0]LogAnalytics: [UEEditor.Rocket.Release] SetUserId 39498eae4b3dc6f4c691969657b2f552|6db37f1c59cd4355aa0128ea4967344e|a134eadc-bb72-4912-ba36-1f4744f500a9
[2015.11.22-15.19.16:283][  0]LogAnalytics: [UEEditor.Rocket.Release] AnalyticsET::StartSession
[2015.11.22-15.19.17:708][  0]LogInit: Transaction tracking system initialized
[2015.11.22-15.19.22:287][  0]BlueprintLog: New page: Editor Load
[2015.11.22-15.19.26:084][  0]LocalizationService: Info Localization service is disabled
[2015.11.22-15.19.27:839][  0]LogConsoleResponse:Display: 
[2015.11.22-15.19.30:512][  0]LogFileCache: Scanning file cache for directory 'C:/Users/MindFlayer/Documents/Unreal Projects/GameOnTest/Content/' took 0.06s
[2015.11.22-15.19.30:512][  0]LogCook:Display: Done creating registry. It took  0.00s.
[2015.11.22-15.19.31:811][  0]SourceControl: Info Source control is disabled
[2015.11.22-15.19.31:843][  0]Cmd: MAP LOAD FILE="../../../../../../Users/MindFlayer/Documents/Unreal Projects/GameOnTest/Content/Test/Maps/Test_Level.umap" TEMPLATE=0 SHOWPROGRESS=1 FEATURELEVEL=3
[2015.11.22-15.19.31:920][  0]LightingResults: New page: Lighting Build
[2015.11.22-15.19.32:215][  0]MapCheck: New page: Map Check
[2015.11.22-15.19.32:215][  0]LightingResults: New page: Lighting Build
[2015.11.22-15.19.32:867][  0]LogParticles: Destroying 0 GPU particle simulations for FXSystem 0x00000091BAFC3B00
[2015.11.22-15.19.35:798][  0]LogAIModule: Creating AISystem for world Test_Level
[2015.11.22-15.19.36:507][  0]LogEditorServer: Finished looking for orphan Actors (0.000 secs)
[2015.11.22-15.19.36:565][  0]Cmd: MAP CHECKDEP NOCLEARLOG
[2015.11.22-15.19.36:726][  0]MapCheck: Info Map check complete: 0 Error(s), 0 Warning(s), took 160.82ms to complete.
[2015.11.22-15.19.36:726][  0]LogFileHelpers: Loading map 'Test_Level' took 4.883
[2015.11.22-15.19.39:100][  0]LogCollectionManager: Loaded 0 collections in 0.003370 seconds
[2015.11.22-15.19.39:525][  0]LogFileCache: Scanning file cache for directory 'C:/Users/MindFlayer/Documents/Unreal Projects/GameOnTest/Saved/Collections/' took 0.01s
[2015.11.22-15.19.39:525][  0]LogFileCache: Scanning file cache for directory 'C:/Users/MindFlayer/Documents/Unreal Projects/GameOnTest/Content/Developers/MindFlayer/Collections/' took 0.01s
[2015.11.22-15.19.39:525][  0]LogFileCache: Scanning file cache for directory 'C:/Users/MindFlayer/Documents/Unreal Projects/GameOnTest/Content/Collections/' took 0.01s
[2015.11.22-15.19.39:525][  0]LogCollectionManager: Rebuilt the GUID cache for 0 collections in 0.000004 seconds
[2015.11.22-15.19.39:561][  0]LogContentBrowser: Native class hierarchy populated in 0.0348 seconds. Added 1893 classes and 338 folders.
[2015.11.22-15.19.39:755][  0]LogContentBrowser: Native class hierarchy updated for 'WidgetCarousel' in 0.0005 seconds. Added 0 classes and 0 folders.
[2015.11.22-15.19.40:014][  0]LogContentBrowser: Native class hierarchy updated for 'AddContentDialog' in 0.0005 seconds. Added 0 classes and 0 folders.
[2015.11.22-15.19.40:119][  0]LogContentBrowser: Native class hierarchy updated for 'SceneOutliner' in 0.0015 seconds. Added 1 classes and 2 folders.
[2015.11.22-15.19.40:550][  0]LogCrashTracker: Crashtracker disabled due to settings.
[2015.11.22-15.19.40:740][  0]LogUObjectGlobals:Warning: Failed to find object 'Class None.'
[2015.11.22-15.19.40:893][  0]LogLoad: Full Startup: 89.70 seconds (BP compile: 1.30 seconds)
[2015.11.22-15.19.41:315][  0]LogOcInput: Can't find Oculus library dev build: is proper Runtime installed? Version: 0.8.0.0
[2015.11.22-15.19.42:238][  0]LogContentStreaming: Texture pool size now 1000 MB
[2015.11.22-15.19.43:150][  1]LogRenderer: Reallocating scene render targets to support 808x364 (Frame:2).
[2015.11.22-15.19.46:003][  8]LogAssetRegistry: Asset discovery search completed in 45.8709 seconds
[2015.11.22-15.19.46:003][  8]LogCollectionManager: Rebuilt the object cache for 0 collections in 0.000002 seconds (found 0 objects)
[2015.11.22-15.19.46:003][  8]LogCollectionManager: Fixed up redirectors for 0 collections in 0.000026 seconds (updated 0 objects)
[2015.11.22-15.19.48:481][ 88]LogPlayLevel: PlayLevel: No blueprints needed recompiling
[2015.11.22-15.19.48:493][ 88]PIE: New page: PIE session: Test_Level (22 Nov 2015 17:19:48)
[2015.11.22-15.19.48:493][ 88]LogPlayLevel: Creating play world package: /Game/Test/Maps/UEDPIE_0_Test_Level
[2015.11.22-15.19.48:533][ 88]LogPlayLevel: PIE: StaticDuplicateObject took: (0.040260s)
[2015.11.22-15.19.48:534][ 88]LogAIModule: Creating AISystem for world Test_Level
[2015.11.22-15.19.48:534][ 88]LogPlayLevel: PIE: World Init took: (0.001427s)
[2015.11.22-15.19.48:534][ 88]LogPlayLevel: PIE: Created PIE world by copying editor world from /Game/Test/Maps/Test_Level.Test_Level to /Game/Test/Maps/UEDPIE_0_Test_Level.Test_Level (0.041979s)
[2015.11.22-15.19.48:720][ 88]LogInit: XAudio2 using 'Lautsprecher (Realtek High Definition Audio)' : 2 channels at 48 kHz using 32 bits per sample (channel mask 0x3)
[2015.11.22-15.19.48:733][ 88]LogInit: FAudioDevice initialized.
[2015.11.22-15.19.48:878][ 88]LogWorld: Game class is '2DSideScrollerGameMode_C'
[2015.11.22-15.19.49:110][ 88]LogWorld: Bringing World /Game/Test/Maps/UEDPIE_0_Test_Level.Test_Level up for play (max tick rate 0) at 2015.11.22-16.19.49
[2015.11.22-15.19.49:110][ 88]LogActor:Warning: GameSession /Game/Test/Maps/UEDPIE_0_Test_Level.Test_Level:PersistentLevel.GameSession_0 has natively added scene component(s), but none of them were set as the actor's RootComponent - picking one arbitrarily
[2015.11.22-15.19.49:120][ 88]LogActor:Warning: GameNetworkManager /Game/Test/Maps/UEDPIE_0_Test_Level.Test_Level:PersistentLevel.GameNetworkManager_0 has natively added scene component(s), but none of them were set as the actor's RootComponent - picking one arbitrarily
[2015.11.22-15.19.49:132][ 88]LogWorld: Bringing up level for play took: 0.024270
[2015.11.22-15.19.49:422][ 88]PIE:Warning: Warning The widget 'Widget_HUD_C' was already added to the screen.
[2015.11.22-15.19.49:472][ 88]PIE: Info Play in editor start time for /Game/Test/Maps/UEDPIE_0_Test_Level 1.172
[2015.11.22-15.20.58:355][185]LogParticles: Destroying 0 GPU particle simulations for FXSystem 0x00000091B4A59F80
[2015.11.22-15.21.19:226][576]LogRenderer: Reallocating scene render targets to support 808x376 (Frame:10562).
[2015.11.22-15.21.19:296][576]LogRenderer: Reallocating scene render targets to support 808x400 (Frame:10563).
[2015.11.22-15.21.19:377][576]LogRenderer: Reallocating scene render targets to support 808x408 (Frame:10564).
[2015.11.22-15.21.27:162][405]LogSavePackage: Save=275.926971ms
[2015.11.22-15.21.27:162][405]LogSavePackage: Moving '../../../../../../Users/MindFlayer/Documents/Unreal Projects/GameOnTest/Saved/Test_Level8325B2E449AA74AD5C33999F8BD02DA9.tmp' to '../../../../../../Users/MindFlayer/Documents/Unreal Projects/GameOnTest/Content/Test/Maps/Test_Level.umap'
[2015.11.22-15.21.27:186][405]LogSavePackage: Total save time: 353.253067ms
[2015.11.22-15.21.27:186][405]LogSavePackage:Display: Finished SavePackage ../../../../../../Users/MindFlayer/Documents/Unreal Projects/GameOnTest/Content/Test/Maps/Test_Level.umap
[2015.11.22-15.21.37:625][598]LogWindowsTextInputMethodSystem:Display: IME system now deactivated.
[2015.11.22-15.21.38:385][599]Cmd: QUIT_EDITOR
[2015.11.22-15.21.39:818][599]LogExit: Preparing to exit.
[2015.11.22-15.21.40:678][599]LogExit: Editor shut down
[2015.11.22-15.21.40:678][599]LogExit: Transaction tracking system shut down
[2015.11.22-15.21.40:789][599]LogParticles: Destroying 0 GPU particle simulations for FXSystem 0x00000091AD918720
[2015.11.22-15.21.40:790][599]LogParticles: Destroying 0 GPU particle simulations for FXSystem 0x00000091B4AF2E80
[2015.11.22-15.21.42:633][599]LogExit: Object subsystem successfully closed.
[2015.11.22-15.21.42:987][599]LogD3D11RHI: Shutdown
[2015.11.22-15.21.42:987][599]LogD3D11RHI: CleanupD3DDevice
[2015.11.22-15.21.43:159][599]LogD3D11RHI: ~FD3D11DynamicRHI
[2015.11.22-15.21.44:307][599]LogModuleManager: Shutting down and abandoning module CookingStats (199)
[2015.11.22-15.21.44:307][599]LogModuleManager: Shutting down and abandoning module CrashTracker (198)
[2015.11.22-15.21.44:307][599]LogModuleManager: Shutting down and abandoning module SceneOutliner (197)
[2015.11.22-15.21.44:307][599]LogModuleManager: Shutting down and abandoning module SuperSearch (196)
[2015.11.22-15.21.44:307][599]LogModuleManager: Shutting down and abandoning module WidgetCarousel (195)
[2015.11.22-15.21.44:318][599]LogModuleManager: Shutting down and abandoning module AddContentDialog (194)
[2015.11.22-15.21.44:339][599]LogModuleManager: Shutting down and abandoning module EditorWidgets (193)
[2015.11.22-15.21.44:339][599]LogModuleManager: Shutting down and abandoning module CollectionManager (192)
[2015.11.22-15.21.44:370][599]LogModuleManager: Shutting down and abandoning module StatsViewer (191)
[2015.11.22-15.21.44:370][599]LogModuleManager: Shutting down and abandoning module FoliageEdit (190)
[2015.11.22-15.21.44:371][599]LogModuleManager: Shutting down and abandoning module LandscapeEditor (189)
[2015.11.22-15.21.44:418][599]LogModuleManager: Shutting down and abandoning module ActorPickerMode (188)
[2015.11.22-15.21.44:418][599]LogModuleManager: Shutting down and abandoning module GeometryMode (187)
[2015.11.22-15.21.44:418][599]LogModuleManager: Shutting down and abandoning module TextureAlignMode (186)
[2015.11.22-15.21.44:418][599]LogModuleManager: Shutting down and abandoning module BspMode (185)
[2015.11.22-15.21.44:418][599]LogModuleManager: Shutting down and abandoning module PlacementMode (184)
[2015.11.22-15.21.44:418][599]LogModuleManager: Shutting down and abandoning module AutomationWorker (183)
[2015.11.22-15.21.44:418][599]LogModuleManager: Shutting down and abandoning module CharacterAI (182)
[2015.11.22-15.21.44:418][599]LogModuleManager: Shutting down and abandoning module SmartSnapping (181)
[2015.11.22-15.21.44:418][599]LogModuleManager: Shutting down and abandoning module ViewportSnapping (180)
[2015.11.22-15.21.44:418][599]LogModuleManager: Shutting down and abandoning module LogVisualizer (179)
[2015.11.22-15.21.44:446][599]LogModuleManager: Shutting down and abandoning module GameProjectGeneration (178)
[2015.11.22-15.21.44:514][599]LogModuleManager: Shutting down and abandoning module IntroTutorials (177)
[2015.11.22-15.21.44:582][599]LogModuleManager: Shutting down and abandoning module EditorLiveStreaming (176)
[2015.11.22-15.21.44:582][599]LogModuleManager: Shutting down and abandoning module IOSPlatformEditor (175)
[2015.11.22-15.21.44:594][599]LogModuleManager: Shutting down and abandoning module HTML5PlatformEditor (174)
[2015.11.22-15.21.44:594][599]LogModuleManager: Shutting down and abandoning module AndroidDeviceDetection (173)
[2015.11.22-15.21.45:542][599]LogModuleManager: Shutting down and abandoning module AndroidPlatformEditor (172)
[2015.11.22-15.21.45:542][599]LogModuleManager: Shutting down and abandoning module IOSRuntimeSettings (171)
[2015.11.22-15.21.45:542][599]LogModuleManager: Shutting down and abandoning module AndroidRuntimeSettings (170)
[2015.11.22-15.21.45:542][599]LogModuleManager: Shutting down and abandoning module MergeActors (169)
[2015.11.22-15.21.45:569][599]LogModuleManager: Shutting down and abandoning module SizeMap (168)
[2015.11.22-15.21.45:569][599]LogModuleManager: Shutting down and abandoning module TreeMap (167)
[2015.11.22-15.21.45:569][599]LogModuleManager: Shutting down and abandoning module ReferenceViewer (166)
[2015.11.22-15.21.45:578][599]LogModuleManager: Shutting down and abandoning module LocalizationService (165)
[2015.11.22-15.21.45:590][599]LogModuleManager: Shutting down and abandoning module LocalizationDashboard (164)
[2015.11.22-15.21.45:602][599]LogModuleManager: Shutting down and abandoning module HardwareTargeting (163)
[2015.11.22-15.21.45:607][599]LogModuleManager: Shutting down and abandoning module DeviceProfileEditor (162)
[2015.11.22-15.21.45:650][599]LogModuleManager: Shutting down and abandoning module UndoHistory (161)
[2015.11.22-15.21.45:665][599]LogModuleManager: Shutting down and abandoning module GameplayTagsEditor (160)
[2015.11.22-15.21.45:674][599]LogModuleManager: Shutting down and abandoning module UserFeedback (159)
[2015.11.22-15.21.45:674][599]LogModuleManager: Shutting down and abandoning module XmlParser (158)
[2015.11.22-15.21.45:690][599]LogModuleManager: Shutting down and abandoning module Blutility (157)
[2015.11.22-15.21.45:690][599]LogModuleManager: Shutting down and abandoning module ProjectTargetPlatformEditor (156)
[2015.11.22-15.21.45:702][599]LogModuleManager: Shutting down and abandoning module ProjectSettingsViewer (155)
[2015.11.22-15.21.45:702][599]LogModuleManager: Shutting down and abandoning module InputBindingEditor (154)
[2015.11.22-15.21.45:727][599]LogModuleManager: Shutting down and abandoning module EditorSettingsViewer (153)
[2015.11.22-15.21.45:727][599]LogModuleManager: Shutting down and abandoning module SettingsEditor (152)
[2015.11.22-15.21.45:744][599]LogModuleManager: Shutting down and abandoning module ProjectLauncher (151)
[2015.11.22-15.21.45:758][599]LogModuleManager: Shutting down and abandoning module SessionFrontend (150)
[2015.11.22-15.21.45:769][599]LogModuleManager: Shutting down and abandoning module ProfilerClient (149)
[2015.11.22-15.21.45:797][599]LogModuleManager: Shutting down and abandoning module TargetDeviceServices (148)
[2015.11.22-15.21.45:803][599]LogModuleManager: Shutting down and abandoning module DeviceManager (147)
[2015.11.22-15.21.45:813][599]LogModuleManager: Shutting down and abandoning module AutomationController (146)
[2015.11.22-15.21.45:819][599]LogModuleManager: Shutting down and abandoning module AutomationWindow (145)
[2015.11.22-15.21.45:836][599]LogModuleManager: Shutting down and abandoning module Layers (144)
[2015.11.22-15.21.45:855][599]LogModuleManager: Shutting down and abandoning module ComponentVisualizers (143)
[2015.11.22-15.21.45:855][599]LogModuleManager: Shutting down and abandoning module DetailCustomizations (142)
[2015.11.22-15.21.45:896][599]LogModuleManager: Shutting down and abandoning module PackagesDialog (141)
[2015.11.22-15.21.45:919][599]LogModuleManager: Shutting down and abandoning module Persona (140)
[2015.11.22-15.21.46:005][599]LogModuleManager: Shutting down and abandoning module Kismet (139)
[2015.11.22-15.21.46:050][599]LogModuleManager: Shutting down and abandoning module GraphEditor (138)
[2015.11.22-15.21.46:089][599]LogModuleManager: Shutting down and abandoning module ClassViewer (137)
[2015.11.22-15.21.46:107][599]LogModuleManager: Shutting down and abandoning module Toolbox (136)
[2015.11.22-15.21.46:107][599]LogModuleManager: Shutting down and abandoning module ModuleUI (135)
[2015.11.22-15.21.46:143][599]LogModuleManager: Shutting down and abandoning module MovieSceneTools (134)
[2015.11.22-15.21.46:157][599]LogModuleManager: Shutting down and abandoning module OutputLog (133)
[2015.11.22-15.21.46:157][599]LogModuleManager: Shutting down and abandoning module GammaUI (132)
[2015.11.22-15.21.46:168][599]LogModuleManager: Shutting down and abandoning module Documentation (131)
[2015.11.22-15.21.46:168][599]LogModuleManager: Shutting down and abandoning module GameLiveStreaming (130)
[2015.11.22-15.21.46:186][599]LogModuleManager: Shutting down and abandoning module StreamingPauseRendering (129)
[2015.11.22-15.21.46:186][599]LogModuleManager: Shutting down and abandoning module AnalyticsET (128)
[2015.11.22-15.21.46:186][599]LogModuleManager: Shutting down and abandoning module Analytics (127)
[2015.11.22-15.21.46:186][599]LogModuleManager: Shutting down and abandoning module AITestSuite (126)
[2015.11.22-15.21.46:215][599]LogModuleManager: Shutting down and abandoning module GameplayDebugger (125)
[2015.11.22-15.21.46:223][599]LogModuleManager: Shutting down and abandoning module AIModule (124)
[2015.11.22-15.21.46:223][599]LogModuleManager: Shutting down and abandoning module ProfilerService (123)
[2015.11.22-15.21.46:393][599]LogModuleManager: Shutting down and abandoning module TaskGraph (122)
[2015.11.22-15.21.46:427][599]LogModuleManager: Shutting down and abandoning module SlateRemote (121)
[2015.11.22-15.21.46:427][599]LogModuleManager: Shutting down and abandoning module SteamVRController (120)
[2015.11.22-15.21.46:427][599]LogModuleManager: Shutting down and abandoning module SteamVR (119)
[2015.11.22-15.21.46:427][599]LogModuleManager: Shutting down and abandoning module ProceduralMeshComponent (118)
[2015.11.22-15.21.46:427][599]LogModuleManager: Shutting down and abandoning module OculusLibrary (117)
[2015.11.22-15.21.46:427][599]LogModuleManager: Shutting down and abandoning module OculusInput (116)
[2015.11.22-15.21.46:427][599]LogModuleManager: Shutting down and abandoning module LeapMotionController (115)
[2015.11.22-15.21.46:523][599]LogModuleManager: Shutting down and abandoning module CustomMeshComponent (114)
[2015.11.22-15.21.46:523][599]LogModuleManager: Shutting down and abandoning module CableComponent (113)
[2015.11.22-15.21.46:527][599]LogModuleManager: Shutting down and abandoning module ArchVisCharacter (112)
[2015.11.22-15.21.46:527][599]LogModuleManager: Shutting down and abandoning module MessagingDebugger (111)
[2015.11.22-15.21.46:538][599]LogModuleManager: Shutting down and abandoning module MediaPlayerEditor (110)
[2015.11.22-15.21.46:562][599]LogModuleManager: Shutting down and abandoning module HTML5Networking (109)
[2015.11.22-15.21.46:562][599]LogModuleManager: Shutting down and abandoning module SpeedTreeImporter (108)
[2015.11.22-15.21.46:562][599]LogModuleManager: Shutting down and abandoning module PluginBrowser (107)
[2015.11.22-15.21.46:569][599]LogModuleManager: Shutting down and abandoning module EpicSurvey (106)
[2015.11.22-15.21.46:580][599]LogModuleManager: Shutting down and abandoning module DesktopPlatform (105)
[2015.11.22-15.21.46:603][599]LogModuleManager: Shutting down and abandoning module VisualStudioSourceCodeAccess (104)
[2015.11.22-15.21.46:617][599]LogModuleManager: Shutting down and abandoning module UObjectPlugin (103)
[2015.11.22-15.21.46:617][599]LogModuleManager: Shutting down and abandoning module SubversionSourceControl (102)
[2015.11.22-15.21.46:642][599]LogModuleManager: Shutting down and abandoning module PerforceSourceControl (101)
[2015.11.22-15.21.46:663][599]LogModuleManager: Shutting down and abandoning module SourceControl (100)
[2015.11.22-15.21.46:677][599]LogModuleManager: Shutting down and abandoning module GitSourceControl (99)
[2015.11.22-15.21.46:698][599]LogModuleManager: Shutting down and abandoning module LightPropagationVolumeEditor (98)
[2015.11.22-15.21.46:698][599]LogModuleManager: Shutting down and abandoning module PaperTiledImporter (97)
[2015.11.22-15.21.46:712][599]LogModuleManager: Shutting down and abandoning module PaperSpriteSheetImporter (96)
[2015.11.22-15.21.46:712][599]LogModuleManager: Shutting down and abandoning module MeshPaint (95)
[2015.11.22-15.21.46:712][599]LogModuleManager: Shutting down and abandoning module SlateReflector (94)
[2015.11.22-15.21.46:726][599]LogModuleManager: Shutting down and abandoning module HotReload (93)
[2015.11.22-15.21.46:734][599]LogModuleManager: Shutting down and abandoning module MainFrame (92)
[2015.11.22-15.21.46:734][599]LogModuleManager: Shutting down and abandoning module LevelEditor (91)
[2015.11.22-15.21.46:744][599]LogModuleManager: Shutting down and abandoning module DirectoryWatcher (90)
[2015.11.22-15.21.46:745][599]LogModuleManager: Shutting down and abandoning module AssetRegistry (89)
[2015.11.22-15.21.46:819][599]LogModuleManager: Shutting down and abandoning module ContentBrowser (88)
[2015.11.22-15.21.46:820][599]LogModuleManager: Shutting down and abandoning module Paper2DEditor (87)
[2015.11.22-15.21.46:887][599]LogModuleManager: Shutting down and abandoning module UdpMessaging (86)
[2015.11.22-15.21.46:988][599]LogModuleManager: Shutting down and abandoning module LightPropagationVolumeRuntime (85)
[2015.11.22-15.21.46:988][599]LogModuleManager: Shutting down and abandoning module Paper2D (84)
[2015.11.22-15.21.47:014][599]LogModuleManager: Shutting down and abandoning module WindowsMoviePlayer (83)
[2015.11.22-15.21.47:033][599]LogModuleManager: Shutting down and abandoning module Media (82)
[2015.11.22-15.21.47:033][599]LogModuleManager: Shutting down and abandoning module WmfMedia (81)
[2015.11.22-15.21.47:047][599]LogModuleManager: Shutting down and abandoning module OnlineBlueprintSupport (80)
[2015.11.22-15.21.47:047][599]LogModuleManager: Shutting down and abandoning module GameplayTasksEditor (79)
[2015.11.22-15.21.47:047][599]LogModuleManager: Shutting down and abandoning module PropertyEditor (78)
[2015.11.22-15.21.47:105][599]LogModuleManager: Shutting down and abandoning module BehaviorTreeEditor (77)
[2015.11.22-15.21.47:175][599]LogModuleManager: Shutting down and abandoning module FunctionalTesting (76)
[2015.11.22-15.21.47:175][599]LogModuleManager: Shutting down and abandoning module CollisionAnalyzer (75)
[2015.11.22-15.21.47:191][599]LogModuleManager: Shutting down and abandoning module WorkspaceMenuStructure (74)
[2015.11.22-15.21.47:191][599]LogModuleManager: Shutting down and abandoning module MessageLog (73)
[2015.11.22-15.21.47:191][599]LogModuleManager: Shutting down and abandoning module Sequencer (72)
[2015.11.22-15.21.47:224][599]LogModuleManager: Shutting down and abandoning module AssetTools (71)
[2015.11.22-15.21.47:270][599]LogModuleManager: Shutting down and abandoning module UMGEditor (70)
[2015.11.22-15.21.47:303][599]LogModuleManager: Shutting down and abandoning module UMG (69)
[2015.11.22-15.21.47:303][599]LogModuleManager: Shutting down and abandoning module Slate (68)
[2015.11.22-15.21.47:303][599]LogModuleManager: Shutting down and abandoning module EditorStyle (67)
[2015.11.22-15.21.47:307][599]LogModuleManager: Shutting down and abandoning module SessionServices (66)
[2015.11.22-15.21.47:307][599]LogModuleManager: Shutting down and abandoning module SourceCodeAccess (65)
[2015.11.22-15.21.47:307][599]LogModuleManager: Shutting down and abandoning module HeadMountedDisplay (64)
[2015.11.22-15.21.47:307][599]LogModuleManager: Shutting down and abandoning module XAudio2 (63)
[2015.11.22-15.21.47:307][599]LogModuleManager: Shutting down and abandoning module Networking (61)
[2015.11.22-15.21.47:307][599]LogModuleManager: Shutting down and abandoning module Core (60)
[2015.11.22-15.21.47:307][599]LogModuleManager: Shutting down and abandoning module KismetCompiler (59)
[2015.11.22-15.21.47:307][599]LogModuleManager: Shutting down and abandoning module PhysXFormats (58)
[2015.11.22-15.21.47:316][599]LogModuleManager: Shutting down and abandoning module MeshUtilities (57)
[2015.11.22-15.21.47:330][599]LogModuleManager: Shutting down and abandoning module DerivedDataCache (56)
[2015.11.22-15.21.47:394][599]LogDerivedDataCache: Shutdown
[2015.11.22-15.21.47:394][599]LogModuleManager: Shutting down and abandoning module ShaderFormatOpenGL (55)
[2015.11.22-15.21.47:426][599]LogModuleManager: Shutting down and abandoning module ShaderFormatD3D (54)
[2015.11.22-15.21.47:426][599]LogModuleManager: Shutting down and abandoning module MetalShaderFormat (53)
[2015.11.22-15.21.47:436][599]LogModuleManager: Shutting down and abandoning module TextureFormatUncompressed (52)
[2015.11.22-15.21.47:436][599]LogModuleManager: Shutting down and abandoning module TextureFormatPVR (51)
[2015.11.22-15.21.47:436][599]LogModuleManager: Shutting down and abandoning module TextureFormatIntelISPCTexComp (50)
[2015.11.22-15.21.47:436][599]LogModuleManager: Shutting down and abandoning module TextureFormatDXT (49)
[2015.11.22-15.21.47:436][599]LogModuleManager: Shutting down and abandoning module ImageWrapper (48)
[2015.11.22-15.21.47:436][599]LogModuleManager: Shutting down and abandoning module TextureFormatASTC (47)
[2015.11.22-15.21.47:436][599]LogModuleManager: Shutting down and abandoning module TextureFormatAndroid (46)
[2015.11.22-15.21.47:436][599]LogModuleManager: Shutting down and abandoning module AudioFormatOpus (45)
[2015.11.22-15.21.47:453][599]LogModuleManager: Shutting down and abandoning module AudioFormatOgg (44)
[2015.11.22-15.21.47:453][599]LogModuleManager: Shutting down and abandoning module AudioFormatADPCM (43)
[2015.11.22-15.21.47:453][599]LogModuleManager: Shutting down and abandoning module LinuxTargetPlatform (42)
[2015.11.22-15.21.47:453][599]LogModuleManager: Shutting down and abandoning module LinuxServerTargetPlatform (41)
[2015.11.22-15.21.47:453][599]LogModuleManager: Shutting down and abandoning module LinuxNoEditorTargetPlatform (40)
[2015.11.22-15.21.47:453][599]LogModuleManager: Shutting down and abandoning module Messaging (39)
[2015.11.22-15.21.47:453][599]LogModuleManager: Shutting down and abandoning module IOSTargetPlatform (38)
[2015.11.22-15.21.47:453][599]LogModuleManager: Shutting down and abandoning module HTML5TargetPlatform (37)
[2015.11.22-15.21.47:453][599]LogModuleManager: Shutting down and abandoning module Android_PVRTCTargetPlatform (36)
[2015.11.22-15.21.47:453][599]LogModuleManager: Shutting down and abandoning module Android_MultiTargetPlatform (35)
[2015.11.22-15.21.47:453][599]LogModuleManager: Shutting down and abandoning module Android_ETC2TargetPlatform (34)
[2015.11.22-15.21.47:454][599]LogModuleManager: Shutting down and abandoning module Android_ETC1TargetPlatform (33)
[2015.11.22-15.21.47:454][599]LogModuleManager: Shutting down and abandoning module Android_DXTTargetPlatform (32)
[2015.11.22-15.21.47:454][599]LogModuleManager: Shutting down and abandoning module Android_ATCTargetPlatform (31)
[2015.11.22-15.21.47:454][599]LogModuleManager: Shutting down and abandoning module Android_ASTCTargetPlatform (30)
[2015.11.22-15.21.47:454][599]LogModuleManager: Shutting down and abandoning module AndroidTargetPlatform (29)
[2015.11.22-15.21.47:454][599]LogModuleManager: Shutting down and abandoning module WindowsTargetPlatform (28)
[2015.11.22-15.21.47:454][599]LogModuleManager: Shutting down and abandoning module WindowsServerTargetPlatform (27)
[2015.11.22-15.21.47:454][599]LogModuleManager: Shutting down and abandoning module WindowsNoEditorTargetPlatform (26)
[2015.11.22-15.21.47:454][599]LogModuleManager: Shutting down and abandoning module WindowsClientTargetPlatform (25)
[2015.11.22-15.21.47:454][599]LogModuleManager: Shutting down and abandoning module AllDesktopTargetPlatform (24)
[2015.11.22-15.21.47:454][599]LogModuleManager: Shutting down and abandoning module TargetPlatform (23)
[2015.11.22-15.21.47:454][599]LogModuleManager: Shutting down and abandoning module InputCore (22)
[2015.11.22-15.21.47:454][599]LogModuleManager: Shutting down and abandoning module Settings (21)
[2015.11.22-15.21.47:454][599]LogModuleManager: Shutting down and abandoning module OnlineSubsystem (19)
[2015.11.22-15.21.47:454][599]LogModuleManager: Shutting down and abandoning module HTTP (18)
[2015.11.22-15.21.49:457][599]LogModuleManager: Shutting down and abandoning module XMPP (17)
[2015.11.22-15.21.49:493][599]LogModuleManager: Shutting down and abandoning module OculusRift (16)
[2015.11.22-15.21.49:498][599]LogModuleManager: Shutting down and abandoning module ExampleDeviceProfileSelector (15)
[2015.11.22-15.21.49:498][599]LogModuleManager: Shutting down and abandoning module TextureCompressor (14)
[2015.11.22-15.21.49:517][599]LogModuleManager: Shutting down and abandoning module ShaderCore (13)
[2015.11.22-15.21.49:517][599]LogModuleManager: Shutting down and abandoning module Landscape (12)
[2015.11.22-15.21.49:517][599]LogModuleManager: Shutting down and abandoning module SlateRHIRenderer (11)
[2015.11.22-15.21.49:529][599]LogModuleManager: Shutting down and abandoning module OpenGLDrv (10)
[2015.11.22-15.21.49:552][599]LogModuleManager: Shutting down and abandoning module D3D11RHI (9)
[2015.11.22-15.21.49:552][599]LogModuleManager: Shutting down and abandoning module AnimGraphRuntime (8)
[2015.11.22-15.21.49:562][599]LogModuleManager: Shutting down and abandoning module Renderer (7)
[2015.11.22-15.21.49:562][599]LogModuleManager: Shutting down and abandoning module Engine (6)
[2015.11.22-15.21.49:562][599]LogModuleManager: Shutting down and abandoning module CoreUObject (5)
[2015.11.22-15.21.49:562][599]LogModuleManager: Shutting down and abandoning module NetworkFile (4)
[2015.11.22-15.21.49:593][599]LogModuleManager: Shutting down and abandoning module StreamingFile (3)
[2015.11.22-15.21.49:599][599]LogModuleManager: Shutting down and abandoning module SandboxFile (2)
[2015.11.22-15.21.49:616][599]LogModuleManager: Shutting down and abandoning module PakFile (1)
[2015.11.22-15.21.49:660][599]LogExit: Exiting.
[2015.11.22-15.21.49:713][599]Log file closed, 11/22/15 16:21:49
